<?xml version="1.0" encoding="UTF-8"?>
<!-- Generated by org.testng.reporters.JUnitReportReporter -->
<testsuite hostname="Sadat" failures="0" tests="1" name="com.mystore.testcases.LoginPageTest" time="18.261" errors="0" timestamp="2025-02-06T11:31:40 GMT+06:00" skipped="0">
  <testcase classname="com.mystore.testcases.LoginPageTest" name="loginTest" time="18.261"/>
  <system-out/>
</testsuite> <!-- com.mystore.testcases.LoginPageTest -->
