<?xml version="1.0" encoding="UTF-8"?>
<!-- Generated by org.testng.reporters.JUnitReportReporter -->
<testsuite hostname="Sadat" failures="0" tests="1" name="com.mystore.testcases.OrderPageTest" time="24.832" errors="0" timestamp="2025-02-06T11:25:15 GMT+06:00" skipped="0">
  <testcase classname="com.mystore.testcases.OrderPageTest" name="verifyPrice" time="24.832"/>
  <system-out/>
</testsuite> <!-- com.mystore.testcases.OrderPageTest -->
