<?xml version="1.0" encoding="UTF-8"?>
<!-- Generated by org.testng.reporters.JUnitReportReporter -->
<testsuite hostname="Sadat" failures="0" tests="2" name="com.mystore.testcases.IndexPageTest" time="19.296" errors="0" timestamp="2025-02-06T11:25:15 GMT+06:00" skipped="0">
  <testcase classname="com.mystore.testcases.IndexPageTest" name="verifyLogo" time="9.228"/>
  <system-out/>
  <testcase classname="com.mystore.testcases.IndexPageTest" name="verifyTitle" time="10.068"/>
  <system-out/>
</testsuite> <!-- com.mystore.testcases.IndexPageTest -->
