<?xml version="1.0" encoding="UTF-8"?>
<!-- Generated by org.testng.reporters.JUnitReportReporter -->
<testsuite hostname="Sadat" failures="0" tests="1" name="com.mystore.testcases.SearchResultPageTest" time="11.211" errors="0" timestamp="2025-02-06T11:25:15 GMT+06:00" skipped="0">
  <testcase classname="com.mystore.testcases.SearchResultPageTest" name="productAvialableTest" time="11.211"/>
  <system-out/>
</testsuite> <!-- com.mystore.testcases.SearchResultPageTest -->
