<?xml version="1.0" encoding="UTF-8"?>
<!-- Generated by org.testng.reporters.JUnitReportReporter -->
<testsuite hostname="Sadat" failures="0" tests="1" name="com.mystore.testcases.EndToEndTest" time="32.535" errors="0" timestamp="2025-02-06T11:25:15 GMT+06:00" skipped="0">
  <testcase classname="com.mystore.testcases.EndToEndTest" name="endToendTest" time="32.535"/>
  <system-out/>
</testsuite> <!-- com.mystore.testcases.EndToEndTest -->
